<?xml version="1.0" encoding="UTF-8"?>
<!-- Generated by org.testng.reporters.JUnitReportReporter -->
<testsuite hostname="deepasarathy" failures="0" tests="1" name="com.experitest.auto.WIFIConnectivity" time="7.542" errors="0" timestamp="23 May 2019 19:56:56 GMT">
  <testcase classname="com.experitest.auto.WIFIConnectivity" name="testUntitled" time="7.542"/>
</testsuite> <!-- com.experitest.auto.WIFIConnectivity -->
