<?xml version="1.0" encoding="UTF-8"?>
<!-- Generated by org.testng.reporters.JUnitReportReporter -->
<testsuite hostname="deepasarathy" failures="0" tests="1" name="com.experitest.auto.Demo" time="15.097" errors="0" timestamp="23 May 2019 16:22:48 GMT">
  <testcase classname="com.experitest.auto.Demo" name="testUntitled" time="15.097"/>
</testsuite> <!-- com.experitest.auto.Demo -->
