<?xml version="1.0" encoding="UTF-8"?>
<!-- Generated by org.testng.reporters.JUnitReportReporter -->
<testsuite hostname="deepasarathy" failures="0" tests="1" name="com.experitest.auto.AndroidDemoTest" time="20.228" errors="0" timestamp="23 May 2019 12:22:34 GMT">
  <testcase classname="com.experitest.auto.AndroidDemoTest" name="test" time="20.228"/>
</testsuite> <!-- com.experitest.auto.AndroidDemoTest -->
