<?xml version="1.0" encoding="UTF-8"?>
<!-- Generated by org.testng.reporters.JUnitReportReporter -->
<testsuite hostname="deepasarathy" failures="0" tests="1" name="com.experitest.auto.PickerWheel" time="22.304" errors="0" timestamp="23 May 2019 20:39:13 GMT">
  <testcase classname="com.experitest.auto.PickerWheel" name="testUntitled" time="22.304"/>
</testsuite> <!-- com.experitest.auto.PickerWheel -->
