<?xml version="1.0" encoding="UTF-8"?>
<!-- Generated by org.testng.reporters.JUnitReportReporter -->
<testsuite hostname="deepasarathy" failures="0" tests="1" name="com.experitest.auto.WIFIConnectivityChecker" time="10.129" errors="0" timestamp="25 May 2019 18:48:43 GMT">
  <testcase classname="com.experitest.auto.WIFIConnectivityChecker" name="wifiConnectivity" time="10.129"/>
</testsuite> <!-- com.experitest.auto.WIFIConnectivityChecker -->
