<?xml version="1.0" encoding="UTF-8"?>
<!-- Generated by org.testng.reporters.JUnitReportReporter -->
<testsuite hostname="deepasarathy" failures="0" tests="1" name="com.experitest.auto.PickerWheelMover" time="23.576" errors="0" timestamp="25 May 2019 18:56:18 GMT">
  <testcase classname="com.experitest.auto.PickerWheelMover" name="testPickerWheel" time="23.576"/>
</testsuite> <!-- com.experitest.auto.PickerWheelMover -->
