<?xml version="1.0" encoding="UTF-8"?>
<!-- Generated by org.testng.reporters.JUnitReportReporter -->
<testsuite hostname="deepasarathy" failures="0" tests="1" name="com.experitest.auto.ContactListSorter" time="26.806" errors="0" timestamp="24 May 2019 19:48:40 GMT">
  <testcase classname="com.experitest.auto.ContactListSorter" name="testContactListSort" time="26.806"/>
</testsuite> <!-- com.experitest.auto.ContactListSorter -->
