<?xml version="1.0" encoding="UTF-8"?>
<!-- Generated by org.testng.reporters.JUnitReportReporter -->
<testsuite hostname="deepasarathy" failures="0" tests="1" name="com.experitest.auto.PickerWheelMover" time="21.681" errors="0" timestamp="24 May 2019 21:35:56 GMT">
  <testcase classname="com.experitest.auto.PickerWheelMover" name="testPickerWheel" time="21.681"/>
</testsuite> <!-- com.experitest.auto.PickerWheelMover -->
