<?xml version="1.0" encoding="UTF-8"?>
<!-- Generated by org.testng.reporters.JUnitReportReporter -->
<testsuite hostname="deepasarathy" failures="0" tests="1" name="com.experitest.auto.PickerWheel" time="32.997" errors="0" timestamp="24 May 2019 07:40:56 GMT">
  <testcase classname="com.experitest.auto.PickerWheel" name="PickerWheel" time="32.997"/>
</testsuite> <!-- com.experitest.auto.PickerWheel -->
