<?xml version="1.0" encoding="UTF-8"?>
<!-- Generated by org.testng.reporters.JUnitReportReporter -->
<testsuite hostname="deepasarathy" failures="0" tests="1" name="com.experitest.auto.WIFIConnectivity" time="11.331" errors="0" timestamp="24 May 2019 07:59:12 GMT">
  <testcase classname="com.experitest.auto.WIFIConnectivity" name="WIFIConnectivity" time="11.331"/>
</testsuite> <!-- com.experitest.auto.WIFIConnectivity -->
