<?xml version="1.0" encoding="UTF-8"?>
<!-- Generated by org.testng.reporters.JUnitReportReporter -->
<testsuite hostname="deepasarathy" failures="0" tests="1" name="com.experitest.auto.WIFIConnectivityChecker" time="12.909" errors="0" timestamp="24 May 2019 21:41:22 GMT">
  <testcase classname="com.experitest.auto.WIFIConnectivityChecker" name="wifiConnectivity" time="12.909"/>
</testsuite> <!-- com.experitest.auto.WIFIConnectivityChecker -->
